#
# There is insufficient memory for the Java Runtime Environment to continue.
# Native memory allocation (malloc) failed to allocate 335136 bytes for Chunk::new
# Possible reasons:
#   The system is out of physical RAM or swap space
#   The process is running with CompressedOops enabled, and the Java Heap may be blocking the growth of the native heap
# Possible solutions:
#   Reduce memory load on the system
#   Increase physical memory or swap space
#   Check if swap backing store is full
#   Decrease Java heap size (-Xmx/-Xms)
#   Decrease number of Java threads
#   Decrease Java thread stack sizes (-Xss)
#   Set larger code cache with -XX:ReservedCodeCacheSize=
#   JVM is running with Unscaled Compressed Oops mode in which the Java heap is
#     placed in the first 4GB address space. The Java Heap base address is the
#     maximum limit for the native heap growth. Please use -XX:HeapBaseMinAddress
#     to set the Java Heap base and to place the Java Heap above 4GB virtual address.
# This output file may be truncated or incomplete.
#
#  Out of Memory Error (arena.cpp:191), pid=6244, tid=724
#
# JRE version: OpenJDK Runtime Environment (17.0.10) (build 17.0.10+0--11572160)
# Java VM: OpenJDK 64-Bit Server VM (17.0.10+0--11572160, mixed mode, tiered, compressed oops, compressed class ptrs, g1 gc, windows-amd64)
# No core dump will be written. Minidumps are not enabled by default on client versions of Windows
#

---------------  S U M M A R Y ------------

Command Line: --add-opens=java.base/java.util=ALL-UNNAMED --add-opens=java.base/java.lang=ALL-UNNAMED --add-opens=java.base/java.lang.invoke=ALL-UNNAMED --add-opens=java.prefs/java.util.prefs=ALL-UNNAMED --add-opens=java.base/java.nio.charset=ALL-UNNAMED --add-opens=java.base/java.net=ALL-UNNAMED --add-opens=java.base/java.util.concurrent.atomic=ALL-UNNAMED -Xmx2048m -Dfile.encoding=UTF-8 -Duser.country=US -Duser.language=en -Duser.variant -javaagent:C:\Users\BUL\.gradle\wrapper\dists\gradle-8.6-bin\afr5mpiioh2wthjmwnkmdsd5w\gradle-8.6\lib\agents\gradle-instrumentation-agent-8.6.jar org.gradle.launcher.daemon.bootstrap.GradleDaemon 8.6

Host: Intel(R) Celeron(R) N4020 CPU @ 1.10GHz, 2 cores, 3G,  Windows 10 , 64 bit Build 19041 (10.0.19041.3636)
Time: Fri Jun  7 11:51:52 2024 Malay Peninsula Standard Time elapsed time: 137.691910 seconds (0d 0h 2m 17s)

---------------  T H R E A D  ---------------

Current thread (0x0000016c666fc130):  JavaThread "C2 CompilerThread0" daemon [_thread_in_native, id=724, stack(0x0000001fcc300000,0x0000001fcc400000)]


Current CompileTask:
C2: 137692 7484   !   4       java.net.URL::<init> (543 bytes)

Stack: [0x0000001fcc300000,0x0000001fcc400000]
Native frames: (J=compiled Java code, j=interpreted, Vv=VM code, C=native code)
V  [jvm.dll+0x688e89]
V  [jvm.dll+0x84247a]
V  [jvm.dll+0x8440be]
V  [jvm.dll+0x844723]
V  [jvm.dll+0x24be0f]
V  [jvm.dll+0xac524]
V  [jvm.dll+0xacb6c]
V  [jvm.dll+0x2b342f]
V  [jvm.dll+0x5902b7]
V  [jvm.dll+0x226452]
V  [jvm.dll+0x21f64e]
V  [jvm.dll+0x21cdb1]
V  [jvm.dll+0x1a60ad]
V  [jvm.dll+0x22cd78]
V  [jvm.dll+0x22aeb0]
V  [jvm.dll+0x7f6917]
V  [jvm.dll+0x7f0d1a]
V  [jvm.dll+0x687d05]
C  [ucrtbase.dll+0x21bb2]
C  [KERNEL32.DLL+0x17344]
C  [ntdll.dll+0x526b1]


---------------  P R O C E S S  ---------------

Threads class SMR info:
_java_thread_list=0x0000016c6d0d3ac0, length=39, elements={
0x0000016c4d3ab820, 0x0000016c664472f0, 0x0000016c66449090, 0x0000016c664683b0,
0x0000016c66468e80, 0x0000016c6646b760, 0x0000016c6646c030, 0x0000016c666fc130,
0x0000016c66746ce0, 0x0000016c667499b0, 0x0000016c667c17b0, 0x0000016c66929ee0,
0x0000016c6b9dc620, 0x0000016c6bccb950, 0x0000016c6b900040, 0x0000016c6b2115d0,
0x0000016c6c946830, 0x0000016c6b8cba70, 0x0000016c6b8cb560, 0x0000016c6b8cbf80,
0x0000016c6b8ca630, 0x0000016c6b8cc9a0, 0x0000016c6b8c91f0, 0x0000016c6b8c9c10,
0x0000016c6b8c9700, 0x0000016c6b8ca120, 0x0000016c6b8cab40, 0x0000016c6c6225c0,
0x0000016c6c624930, 0x0000016c6c620c70, 0x0000016c6c621ba0, 0x0000016c6c623a00,
0x0000016c6c6220b0, 0x0000016c6c621180, 0x0000016c6c61fd40, 0x0000016c6c624e40,
0x0000016c6c621690, 0x0000016c6c620250, 0x0000016c6c622ad0
}

Java Threads: ( => current thread )
  0x0000016c4d3ab820 JavaThread "main" [_thread_blocked, id=7268, stack(0x0000001fcb600000,0x0000001fcb700000)]
  0x0000016c664472f0 JavaThread "Reference Handler" daemon [_thread_blocked, id=3456, stack(0x0000001fcbd00000,0x0000001fcbe00000)]
  0x0000016c66449090 JavaThread "Finalizer" daemon [_thread_blocked, id=10344, stack(0x0000001fcbe00000,0x0000001fcbf00000)]
  0x0000016c664683b0 JavaThread "Signal Dispatcher" daemon [_thread_blocked, id=4928, stack(0x0000001fcbf00000,0x0000001fcc000000)]
  0x0000016c66468e80 JavaThread "Attach Listener" daemon [_thread_blocked, id=11768, stack(0x0000001fcc000000,0x0000001fcc100000)]
  0x0000016c6646b760 JavaThread "Service Thread" daemon [_thread_blocked, id=10472, stack(0x0000001fcc100000,0x0000001fcc200000)]
  0x0000016c6646c030 JavaThread "Monitor Deflation Thread" daemon [_thread_blocked, id=10764, stack(0x0000001fcc200000,0x0000001fcc300000)]
=>0x0000016c666fc130 JavaThread "C2 CompilerThread0" daemon [_thread_in_native, id=724, stack(0x0000001fcc300000,0x0000001fcc400000)]
  0x0000016c66746ce0 JavaThread "C1 CompilerThread0" daemon [_thread_blocked, id=7060, stack(0x0000001fcc400000,0x0000001fcc500000)]
  0x0000016c667499b0 JavaThread "Sweeper thread" daemon [_thread_blocked, id=2128, stack(0x0000001fcc500000,0x0000001fcc600000)]
  0x0000016c667c17b0 JavaThread "Common-Cleaner" daemon [_thread_blocked, id=6856, stack(0x0000001fcc600000,0x0000001fcc700000)]
  0x0000016c66929ee0 JavaThread "Notification Thread" daemon [_thread_blocked, id=8380, stack(0x0000001fcc700000,0x0000001fcc800000)]
  0x0000016c6b9dc620 JavaThread "Daemon health stats" [_thread_blocked, id=8372, stack(0x0000001fcca00000,0x0000001fccb00000)]
  0x0000016c6bccb950 JavaThread "Incoming local TCP Connector on port 52262" [_thread_in_native, id=6204, stack(0x0000001fccb00000,0x0000001fccc00000)]
  0x0000016c6b900040 JavaThread "Daemon periodic checks" [_thread_blocked, id=12184, stack(0x0000001fccc00000,0x0000001fccd00000)]
  0x0000016c6b2115d0 JavaThread "Daemon" [_thread_blocked, id=7848, stack(0x0000001fccd00000,0x0000001fcce00000)]
  0x0000016c6c946830 JavaThread "Handler for socket connection from /127.0.0.1:52262 to /127.0.0.1:52263" [_thread_in_native, id=7736, stack(0x0000001fcce00000,0x0000001fccf00000)]
  0x0000016c6b8cba70 JavaThread "Cancel handler" [_thread_blocked, id=8824, stack(0x0000001fccf00000,0x0000001fcd000000)]
  0x0000016c6b8cb560 JavaThread "Daemon worker" [_thread_in_vm, id=2340, stack(0x0000001fcd000000,0x0000001fcd100000)]
  0x0000016c6b8cbf80 JavaThread "Asynchronous log dispatcher for DefaultDaemonConnection: socket connection from /127.0.0.1:52262 to /127.0.0.1:52263" [_thread_blocked, id=12284, stack(0x0000001fcd100000,0x0000001fcd200000)]
  0x0000016c6b8ca630 JavaThread "Daemon client event forwarder" [_thread_blocked, id=11672, stack(0x0000001fcd300000,0x0000001fcd400000)]
  0x0000016c6b8cc9a0 JavaThread "Cache worker for journal cache (C:\Users\BUL\.gradle\caches\journal-1)" [_thread_blocked, id=10792, stack(0x0000001fcd400000,0x0000001fcd500000)]
  0x0000016c6b8c91f0 JavaThread "File lock request listener" [_thread_in_native, id=2396, stack(0x0000001fcd500000,0x0000001fcd600000)]
  0x0000016c6b8c9c10 JavaThread "Cache worker for file hash cache (C:\Users\BUL\.gradle\caches\8.6\fileHashes)" [_thread_blocked, id=11292, stack(0x0000001fcd600000,0x0000001fcd700000)]
  0x0000016c6b8c9700 JavaThread "File watcher server" daemon [_thread_in_native, id=11392, stack(0x0000001fcd700000,0x0000001fcd800000)]
  0x0000016c6b8ca120 JavaThread "File watcher consumer" daemon [_thread_blocked, id=10248, stack(0x0000001fcd800000,0x0000001fcd900000)]
  0x0000016c6b8cab40 JavaThread "jar transforms" [_thread_blocked, id=11276, stack(0x0000001fcd900000,0x0000001fcda00000)]
  0x0000016c6c6225c0 JavaThread "jar transforms Thread 2" [_thread_blocked, id=5116, stack(0x0000001fcda00000,0x0000001fcdb00000)]
  0x0000016c6c624930 JavaThread "Cache worker for checksums cache (D:\BANGKIT\md-ytta\.gradle\8.6\checksums)" [_thread_blocked, id=3104, stack(0x0000001fcdd00000,0x0000001fcde00000)]
  0x0000016c6c620c70 JavaThread "Cache worker for file hash cache (D:\BANGKIT\md-ytta\.gradle\8.6\fileHashes)" [_thread_blocked, id=10328, stack(0x0000001fcde00000,0x0000001fcdf00000)]
  0x0000016c6c621ba0 JavaThread "Cache worker for cache directory md-supplier (C:\Users\BUL\.gradle\caches\8.6\md-supplier)" [_thread_blocked, id=1896, stack(0x0000001fcdf00000,0x0000001fce000000)]
  0x0000016c6c623a00 JavaThread "Cache worker for cache directory md-rule (C:\Users\BUL\.gradle\caches\8.6\md-rule)" [_thread_blocked, id=4856, stack(0x0000001fce000000,0x0000001fce100000)]
  0x0000016c6c6220b0 JavaThread "File lock release action executor" [_thread_blocked, id=7632, stack(0x0000001fce100000,0x0000001fce200000)]
  0x0000016c6c621180 JavaThread "Cache worker for file content cache (C:\Users\BUL\.gradle\caches\8.6\fileContent)" [_thread_blocked, id=5448, stack(0x0000001fce200000,0x0000001fce300000)]
  0x0000016c6c61fd40 JavaThread "Unconstrained build operations" [_thread_blocked, id=10948, stack(0x0000001fcb400000,0x0000001fcb500000)]
  0x0000016c6c624e40 JavaThread "Unconstrained build operations Thread 2" [_thread_blocked, id=11040, stack(0x0000001fcb500000,0x0000001fcb600000)]
  0x0000016c6c621690 JavaThread "Cache worker for Build Output Cleanup Cache (D:\BANGKIT\md-ytta\.gradle\buildOutputCleanup)" [_thread_blocked, id=10860, stack(0x0000001fcd200000,0x0000001fcd300000)]
  0x0000016c6c620250 JavaThread "Unconstrained build operations Thread 3" [_thread_blocked, id=6832, stack(0x0000001fce300000,0x0000001fce400000)]
  0x0000016c6c622ad0 JavaThread "File lock release action executor Thread 2" [_thread_blocked, id=9124, stack(0x0000001fce400000,0x0000001fce500000)]

Other Threads:
  0x0000016c664427a0 VMThread "VM Thread" [stack: 0x0000001fcbc00000,0x0000001fcbd00000] [id=11808]
  0x0000016c66999590 WatcherThread [stack: 0x0000001fcc800000,0x0000001fcc900000] [id=8476]
  0x0000016c4d4076f0 GCTaskThread "GC Thread#0" [stack: 0x0000001fcb700000,0x0000001fcb800000] [id=4120]
  0x0000016c66a0eb90 GCTaskThread "GC Thread#1" [stack: 0x0000001fcc900000,0x0000001fcca00000] [id=11824]
  0x0000016c4d418550 ConcurrentGCThread "G1 Main Marker" [stack: 0x0000001fcb800000,0x0000001fcb900000] [id=6376]
  0x0000016c4d418e80 ConcurrentGCThread "G1 Conc#0" [stack: 0x0000001fcb900000,0x0000001fcba00000] [id=11812]
  0x0000016c4d45b300 ConcurrentGCThread "G1 Refine#0" [stack: 0x0000001fcba00000,0x0000001fcbb00000] [id=4216]
  0x0000016c4d45bc40 ConcurrentGCThread "G1 Service" [stack: 0x0000001fcbb00000,0x0000001fcbc00000] [id=3604]

Threads with active compile tasks:
C2 CompilerThread0   137752 7484   !   4       java.net.URL::<init> (543 bytes)

VM state: not at safepoint (normal execution)

VM Mutex/Monitor currently owned by a thread: None

Heap address: 0x0000000080000000, size: 2048 MB, Compressed Oops mode: 32-bit

CDS archive(s) not mapped
Compressed class space mapped at: 0x0000000100000000-0x0000000140000000, reserved size: 1073741824
Narrow klass base: 0x0000000000000000, Narrow klass shift: 3, Narrow klass range: 0x140000000

GC Precious Log:
 CPUs: 2 total, 2 available
 Memory: 3911M
 Large Page Support: Disabled
 NUMA Support: Disabled
 Compressed Oops: Enabled (32-bit)
 Heap Region Size: 1M
 Heap Min Capacity: 8M
 Heap Initial Capacity: 62M
 Heap Max Capacity: 2G
 Pre-touch: Disabled
 Parallel Workers: 2
 Concurrent Workers: 1
 Concurrent Refinement Workers: 2
 Periodic GC: Disabled

Heap:
 garbage-first heap   total 117760K, used 97637K [0x0000000080000000, 0x0000000100000000)
  region size 1024K, 17 young (17408K), 2 survivors (2048K)
 Metaspace       used 65493K, committed 66176K, reserved 1114112K
  class space    used 8777K, committed 9088K, reserved 1048576K

Heap Regions: E=young(eden), S=young(survivor), O=old, HS=humongous(starts), HC=humongous(continues), CS=collection set, F=free, OA=open archive, CA=closed archive, TAMS=top-at-mark-start (previous, next)
|   0|0x0000000080000000, 0x0000000080100000, 0x0000000080100000|100%| O|  |TAMS 0x0000000080100000, 0x0000000080000000| Untracked 
|   1|0x0000000080100000, 0x0000000080200000, 0x0000000080200000|100%| O|  |TAMS 0x0000000080200000, 0x0000000080100000| Untracked 
|   2|0x0000000080200000, 0x0000000080300000, 0x0000000080300000|100%|HS|  |TAMS 0x0000000080300000, 0x0000000080200000| Complete 
|   3|0x0000000080300000, 0x0000000080400000, 0x0000000080400000|100%|HC|  |TAMS 0x0000000080400000, 0x0000000080300000| Complete 
|   4|0x0000000080400000, 0x0000000080500000, 0x0000000080500000|100%|HC|  |TAMS 0x0000000080500000, 0x0000000080400000| Complete 
|   5|0x0000000080500000, 0x0000000080600000, 0x0000000080600000|100%|HC|  |TAMS 0x0000000080600000, 0x0000000080500000| Complete 
|   6|0x0000000080600000, 0x0000000080700000, 0x0000000080700000|100%| O|  |TAMS 0x0000000080700000, 0x0000000080600000| Untracked 
|   7|0x0000000080700000, 0x0000000080800000, 0x0000000080800000|100%| O|  |TAMS 0x0000000080800000, 0x0000000080700000| Untracked 
|   8|0x0000000080800000, 0x0000000080900000, 0x0000000080900000|100%| O|  |TAMS 0x0000000080900000, 0x0000000080800000| Untracked 
|   9|0x0000000080900000, 0x0000000080a00000, 0x0000000080a00000|100%| O|  |TAMS 0x0000000080a00000, 0x0000000080900000| Untracked 
|  10|0x0000000080a00000, 0x0000000080b00000, 0x0000000080b00000|100%| O|  |TAMS 0x0000000080b00000, 0x0000000080a00000| Untracked 
|  11|0x0000000080b00000, 0x0000000080c00000, 0x0000000080c00000|100%|HS|  |TAMS 0x0000000080b00000, 0x0000000080b00000| Complete 
|  12|0x0000000080c00000, 0x0000000080d00000, 0x0000000080d00000|100%| O|  |TAMS 0x0000000080d00000, 0x0000000080c00000| Untracked 
|  13|0x0000000080d00000, 0x0000000080e00000, 0x0000000080e00000|100%| O|  |TAMS 0x0000000080e00000, 0x0000000080d00000| Untracked 
|  14|0x0000000080e00000, 0x0000000080f00000, 0x0000000080f00000|100%| O|  |TAMS 0x0000000080f00000, 0x0000000080e00000| Untracked 
|  15|0x0000000080f00000, 0x0000000081000000, 0x0000000081000000|100%| O|  |TAMS 0x0000000081000000, 0x0000000080f00000| Untracked 
|  16|0x0000000081000000, 0x0000000081100000, 0x0000000081100000|100%| O|  |TAMS 0x0000000081100000, 0x0000000081000000| Untracked 
|  17|0x0000000081100000, 0x0000000081200000, 0x0000000081200000|100%| O|  |TAMS 0x0000000081200000, 0x0000000081100000| Untracked 
|  18|0x0000000081200000, 0x0000000081300000, 0x0000000081300000|100%| O|  |TAMS 0x0000000081300000, 0x0000000081200000| Untracked 
|  19|0x0000000081300000, 0x0000000081400000, 0x0000000081400000|100%| O|  |TAMS 0x0000000081400000, 0x0000000081300000| Untracked 
|  20|0x0000000081400000, 0x0000000081500000, 0x0000000081500000|100%|HS|  |TAMS 0x0000000081500000, 0x0000000081400000| Complete 
|  21|0x0000000081500000, 0x0000000081600000, 0x0000000081600000|100%|HC|  |TAMS 0x0000000081600000, 0x0000000081500000| Complete 
|  22|0x0000000081600000, 0x0000000081700000, 0x0000000081700000|100%|HS|  |TAMS 0x0000000081700000, 0x0000000081600000| Complete 
|  23|0x0000000081700000, 0x0000000081800000, 0x0000000081800000|100%|HC|  |TAMS 0x0000000081800000, 0x0000000081700000| Complete 
|  24|0x0000000081800000, 0x0000000081900000, 0x0000000081900000|100%|HC|  |TAMS 0x0000000081900000, 0x0000000081800000| Complete 
|  25|0x0000000081900000, 0x0000000081a00000, 0x0000000081a00000|100%|HS|  |TAMS 0x0000000081a00000, 0x0000000081900000| Complete 
|  26|0x0000000081a00000, 0x0000000081b00000, 0x0000000081b00000|100%|HC|  |TAMS 0x0000000081b00000, 0x0000000081a00000| Complete 
|  27|0x0000000081b00000, 0x0000000081c00000, 0x0000000081c00000|100%|HC|  |TAMS 0x0000000081c00000, 0x0000000081b00000| Complete 
|  28|0x0000000081c00000, 0x0000000081d00000, 0x0000000081d00000|100%| O|  |TAMS 0x0000000081d00000, 0x0000000081c00000| Untracked 
|  29|0x0000000081d00000, 0x0000000081e00000, 0x0000000081e00000|100%| O|  |TAMS 0x0000000081e00000, 0x0000000081d00000| Untracked 
|  30|0x0000000081e00000, 0x0000000081f00000, 0x0000000081f00000|100%|HS|  |TAMS 0x0000000081f00000, 0x0000000081e00000| Complete 
|  31|0x0000000081f00000, 0x0000000082000000, 0x0000000082000000|100%|HC|  |TAMS 0x0000000082000000, 0x0000000081f00000| Complete 
|  32|0x0000000082000000, 0x0000000082100000, 0x0000000082100000|100%|HC|  |TAMS 0x0000000082100000, 0x0000000082000000| Complete 
|  33|0x0000000082100000, 0x0000000082200000, 0x0000000082200000|100%| O|  |TAMS 0x0000000082200000, 0x0000000082100000| Untracked 
|  34|0x0000000082200000, 0x0000000082300000, 0x0000000082300000|100%| O|  |TAMS 0x0000000082300000, 0x0000000082200000| Untracked 
|  35|0x0000000082300000, 0x0000000082400000, 0x0000000082400000|100%| O|  |TAMS 0x0000000082400000, 0x0000000082300000| Untracked 
|  36|0x0000000082400000, 0x0000000082500000, 0x0000000082500000|100%| O|  |TAMS 0x0000000082500000, 0x0000000082400000| Untracked 
|  37|0x0000000082500000, 0x0000000082600000, 0x0000000082600000|100%| O|  |TAMS 0x0000000082600000, 0x0000000082500000| Untracked 
|  38|0x0000000082600000, 0x0000000082700000, 0x0000000082700000|100%| O|  |TAMS 0x0000000082700000, 0x0000000082600000| Untracked 
|  39|0x0000000082700000, 0x0000000082800000, 0x0000000082800000|100%| O|  |TAMS 0x0000000082800000, 0x0000000082700000| Untracked 
|  40|0x0000000082800000, 0x0000000082900000, 0x0000000082900000|100%| O|  |TAMS 0x0000000082900000, 0x0000000082800000| Untracked 
|  41|0x0000000082900000, 0x0000000082a00000, 0x0000000082a00000|100%| O|  |TAMS 0x0000000082a00000, 0x0000000082900000| Untracked 
|  42|0x0000000082a00000, 0x0000000082b00000, 0x0000000082b00000|100%| O|  |TAMS 0x0000000082b00000, 0x0000000082a00000| Untracked 
|  43|0x0000000082b00000, 0x0000000082c00000, 0x0000000082c00000|100%| O|  |TAMS 0x0000000082c00000, 0x0000000082b00000| Untracked 
|  44|0x0000000082c00000, 0x0000000082d00000, 0x0000000082d00000|100%| O|  |TAMS 0x0000000082d00000, 0x0000000082c00000| Untracked 
|  45|0x0000000082d00000, 0x0000000082e00000, 0x0000000082e00000|100%|HS|  |TAMS 0x0000000082e00000, 0x0000000082d00000| Complete 
|  46|0x0000000082e00000, 0x0000000082f00000, 0x0000000082f00000|100%|HC|  |TAMS 0x0000000082f00000, 0x0000000082e00000| Complete 
|  47|0x0000000082f00000, 0x0000000083000000, 0x0000000083000000|100%|HC|  |TAMS 0x0000000083000000, 0x0000000082f00000| Complete 
|  48|0x0000000083000000, 0x0000000083100000, 0x0000000083100000|100%|HS|  |TAMS 0x0000000083100000, 0x0000000083000000| Complete 
|  49|0x0000000083100000, 0x0000000083200000, 0x0000000083200000|100%|HC|  |TAMS 0x0000000083200000, 0x0000000083100000| Complete 
|  50|0x0000000083200000, 0x0000000083300000, 0x0000000083300000|100%|HC|  |TAMS 0x0000000083300000, 0x0000000083200000| Complete 
|  51|0x0000000083300000, 0x0000000083400000, 0x0000000083400000|100%|HS|  |TAMS 0x0000000083400000, 0x0000000083300000| Complete 
|  52|0x0000000083400000, 0x0000000083500000, 0x0000000083500000|100%|HC|  |TAMS 0x0000000083500000, 0x0000000083400000| Complete 
|  53|0x0000000083500000, 0x0000000083600000, 0x0000000083600000|100%|HC|  |TAMS 0x0000000083600000, 0x0000000083500000| Complete 
|  54|0x0000000083600000, 0x0000000083700000, 0x0000000083700000|100%| O|  |TAMS 0x0000000083700000, 0x0000000083600000| Untracked 
|  55|0x0000000083700000, 0x0000000083800000, 0x0000000083800000|100%| O|  |TAMS 0x0000000083800000, 0x0000000083700000| Untracked 
|  56|0x0000000083800000, 0x0000000083900000, 0x0000000083900000|100%| O|  |TAMS 0x0000000083900000, 0x0000000083800000| Untracked 
|  57|0x0000000083900000, 0x0000000083a00000, 0x0000000083a00000|100%| O|  |TAMS 0x0000000083900000, 0x0000000083900000| Untracked 
|  58|0x0000000083a00000, 0x0000000083b00000, 0x0000000083b00000|100%| O|  |TAMS 0x0000000083b00000, 0x0000000083a00000| Untracked 
|  59|0x0000000083b00000, 0x0000000083c00000, 0x0000000083c00000|100%| O|  |TAMS 0x0000000083c00000, 0x0000000083b00000| Untracked 
|  60|0x0000000083c00000, 0x0000000083d00000, 0x0000000083d00000|100%| O|  |TAMS 0x0000000083d00000, 0x0000000083c00000| Untracked 
|  61|0x0000000083d00000, 0x0000000083e00000, 0x0000000083e00000|100%| O|  |TAMS 0x0000000083e00000, 0x0000000083d00000| Untracked 
|  62|0x0000000083e00000, 0x0000000083f00000, 0x0000000083f00000|100%| O|  |TAMS 0x0000000083f00000, 0x0000000083e00000| Untracked 
|  63|0x0000000083f00000, 0x0000000084000000, 0x0000000084000000|100%| O|  |TAMS 0x0000000084000000, 0x0000000083f00000| Untracked 
|  64|0x0000000084000000, 0x0000000084100000, 0x0000000084100000|100%| O|  |TAMS 0x00000000840c8e00, 0x0000000084000000| Untracked 
|  65|0x0000000084100000, 0x0000000084200000, 0x0000000084200000|100%| O|  |TAMS 0x0000000084100000, 0x0000000084100000| Untracked 
|  66|0x0000000084200000, 0x0000000084300000, 0x0000000084300000|100%| O|  |TAMS 0x0000000084200000, 0x0000000084200000| Untracked 
|  67|0x0000000084300000, 0x0000000084400000, 0x0000000084400000|100%| O|  |TAMS 0x0000000084300000, 0x0000000084300000| Untracked 
|  68|0x0000000084400000, 0x0000000084500000, 0x0000000084500000|100%| O|  |TAMS 0x0000000084400000, 0x0000000084400000| Untracked 
|  69|0x0000000084500000, 0x0000000084600000, 0x0000000084600000|100%| O|  |TAMS 0x0000000084500000, 0x0000000084500000| Untracked 
|  70|0x0000000084600000, 0x0000000084700000, 0x0000000084700000|100%|HS|  |TAMS 0x0000000084600000, 0x0000000084600000| Complete 
|  71|0x0000000084700000, 0x0000000084800000, 0x0000000084800000|100%|HS|  |TAMS 0x0000000084700000, 0x0000000084700000| Complete 
|  72|0x0000000084800000, 0x0000000084900000, 0x0000000084900000|100%|HS|  |TAMS 0x0000000084800000, 0x0000000084800000| Complete 
|  73|0x0000000084900000, 0x0000000084a00000, 0x0000000084a00000|100%|HS|  |TAMS 0x0000000084900000, 0x0000000084900000| Complete 
|  74|0x0000000084a00000, 0x0000000084b00000, 0x0000000084b00000|100%|HS|  |TAMS 0x0000000084a00000, 0x0000000084a00000| Complete 
|  75|0x0000000084b00000, 0x0000000084c00000, 0x0000000084c00000|100%| O|  |TAMS 0x0000000084b00000, 0x0000000084b00000| Untracked 
|  76|0x0000000084c00000, 0x0000000084d00000, 0x0000000084d00000|100%| O|  |TAMS 0x0000000084c00000, 0x0000000084c00000| Untracked 
|  77|0x0000000084d00000, 0x0000000084e00000, 0x0000000084e00000|100%| O|  |TAMS 0x0000000084d00000, 0x0000000084d00000| Untracked 
|  78|0x0000000084e00000, 0x0000000084f00000, 0x0000000084f00000|100%| O|  |TAMS 0x0000000084e00000, 0x0000000084e00000| Untracked 
|  79|0x0000000084f00000, 0x0000000085000000, 0x0000000085000000|100%| O|  |TAMS 0x0000000084f00000, 0x0000000084f00000| Untracked 
|  80|0x0000000085000000, 0x00000000850af200, 0x0000000085100000| 68%| O|  |TAMS 0x0000000085000000, 0x0000000085000000| Untracked 
|  81|0x0000000085100000, 0x0000000085100000, 0x0000000085200000|  0%| F|  |TAMS 0x0000000085100000, 0x0000000085100000| Untracked 
|  82|0x0000000085200000, 0x0000000085200000, 0x0000000085300000|  0%| F|  |TAMS 0x0000000085200000, 0x0000000085200000| Untracked 
|  83|0x0000000085300000, 0x0000000085300000, 0x0000000085400000|  0%| F|  |TAMS 0x0000000085300000, 0x0000000085300000| Untracked 
|  84|0x0000000085400000, 0x0000000085400000, 0x0000000085500000|  0%| F|  |TAMS 0x0000000085400000, 0x0000000085400000| Untracked 
|  85|0x0000000085500000, 0x0000000085500000, 0x0000000085600000|  0%| F|  |TAMS 0x0000000085500000, 0x0000000085500000| Untracked 
|  86|0x0000000085600000, 0x0000000085600000, 0x0000000085700000|  0%| F|  |TAMS 0x0000000085600000, 0x0000000085600000| Untracked 
|  87|0x0000000085700000, 0x0000000085700000, 0x0000000085800000|  0%| F|  |TAMS 0x0000000085700000, 0x0000000085700000| Untracked 
|  88|0x0000000085800000, 0x0000000085800000, 0x0000000085900000|  0%| F|  |TAMS 0x0000000085800000, 0x0000000085800000| Untracked 
|  89|0x0000000085900000, 0x0000000085900000, 0x0000000085a00000|  0%| F|  |TAMS 0x0000000085900000, 0x0000000085900000| Untracked 
|  90|0x0000000085a00000, 0x0000000085a00000, 0x0000000085b00000|  0%| F|  |TAMS 0x0000000085a00000, 0x0000000085a00000| Untracked 
|  91|0x0000000085b00000, 0x0000000085b00000, 0x0000000085c00000|  0%| F|  |TAMS 0x0000000085b00000, 0x0000000085b00000| Untracked 
|  92|0x0000000085c00000, 0x0000000085c00000, 0x0000000085d00000|  0%| F|  |TAMS 0x0000000085c00000, 0x0000000085c00000| Untracked 
|  93|0x0000000085d00000, 0x0000000085d00000, 0x0000000085e00000|  0%| F|  |TAMS 0x0000000085d00000, 0x0000000085d00000| Untracked 
|  94|0x0000000085e00000, 0x0000000085e00000, 0x0000000085f00000|  0%| F|  |TAMS 0x0000000085e00000, 0x0000000085e00000| Untracked 
|  95|0x0000000085f00000, 0x0000000085f00000, 0x0000000086000000|  0%| F|  |TAMS 0x0000000085f00000, 0x0000000085f00000| Untracked 
|  96|0x0000000086000000, 0x0000000086000000, 0x0000000086100000|  0%| F|  |TAMS 0x0000000086000000, 0x0000000086000000| Untracked 
|  97|0x0000000086100000, 0x00000000861aa2a0, 0x0000000086200000| 66%| S|CS|TAMS 0x0000000086100000, 0x0000000086100000| Complete 
|  98|0x0000000086200000, 0x0000000086200000, 0x0000000086300000|  0%| F|  |TAMS 0x0000000086200000, 0x0000000086200000| Untracked 
|  99|0x0000000086300000, 0x0000000086400000, 0x0000000086400000|100%| S|CS|TAMS 0x0000000086300000, 0x0000000086300000| Complete 
| 100|0x0000000086400000, 0x00000000864edf28, 0x0000000086500000| 92%| E|  |TAMS 0x0000000086400000, 0x0000000086400000| Complete 
| 101|0x0000000086500000, 0x0000000086600000, 0x0000000086600000|100%| E|CS|TAMS 0x0000000086500000, 0x0000000086500000| Complete 
| 102|0x0000000086600000, 0x0000000086700000, 0x0000000086700000|100%| E|CS|TAMS 0x0000000086600000, 0x0000000086600000| Complete 
| 103|0x0000000086700000, 0x0000000086800000, 0x0000000086800000|100%| E|CS|TAMS 0x0000000086700000, 0x0000000086700000| Complete 
| 104|0x0000000086800000, 0x0000000086900000, 0x0000000086900000|100%| E|  |TAMS 0x0000000086800000, 0x0000000086800000| Complete 
| 105|0x0000000086900000, 0x0000000086a00000, 0x0000000086a00000|100%| E|CS|TAMS 0x0000000086900000, 0x0000000086900000| Complete 
| 106|0x0000000086a00000, 0x0000000086b00000, 0x0000000086b00000|100%| E|CS|TAMS 0x0000000086a00000, 0x0000000086a00000| Complete 
| 107|0x0000000086b00000, 0x0000000086c00000, 0x0000000086c00000|100%| E|CS|TAMS 0x0000000086b00000, 0x0000000086b00000| Complete 
| 108|0x0000000086c00000, 0x0000000086d00000, 0x0000000086d00000|100%| E|CS|TAMS 0x0000000086c00000, 0x0000000086c00000| Complete 
| 109|0x0000000086d00000, 0x0000000086e00000, 0x0000000086e00000|100%| E|CS|TAMS 0x0000000086d00000, 0x0000000086d00000| Complete 
| 110|0x0000000086e00000, 0x0000000086f00000, 0x0000000086f00000|100%| E|CS|TAMS 0x0000000086e00000, 0x0000000086e00000| Complete 
| 111|0x0000000086f00000, 0x0000000087000000, 0x0000000087000000|100%| E|CS|TAMS 0x0000000086f00000, 0x0000000086f00000| Complete 
| 112|0x0000000087000000, 0x0000000087100000, 0x0000000087100000|100%| E|CS|TAMS 0x0000000087000000, 0x0000000087000000| Complete 
| 113|0x0000000087100000, 0x0000000087200000, 0x0000000087200000|100%| E|CS|TAMS 0x0000000087100000, 0x0000000087100000| Complete 
| 114|0x0000000087200000, 0x0000000087300000, 0x0000000087300000|100%| E|CS|TAMS 0x0000000087200000, 0x0000000087200000| Complete 

Card table byte_map: [0x0000016c5f890000,0x0000016c5fc90000] _byte_map_base: 0x0000016c5f490000

Marking Bits (Prev, Next): (CMBitMap*) 0x0000016c4d407c20, (CMBitMap*) 0x0000016c4d407c60
 Prev Bits: [0x0000016c60090000, 0x0000016c62090000)
 Next Bits: [0x0000016c62090000, 0x0000016c64090000)

Polling page: 0x0000016c4b100000

Metaspace:

Usage:
  Non-class:     55.39 MB used.
      Class:      8.57 MB used.
       Both:     63.96 MB used.

Virtual space:
  Non-class space:       64.00 MB reserved,      55.75 MB ( 87%) committed,  1 nodes.
      Class space:        1.00 GB reserved,       8.88 MB ( <1%) committed,  1 nodes.
             Both:        1.06 GB reserved,      64.62 MB (  6%) committed. 

Chunk freelists:
   Non-Class:  7.66 MB
       Class:  7.17 MB
        Both:  14.83 MB

MaxMetaspaceSize: unlimited
CompressedClassSpaceSize: 1.00 GB
Initial GC threshold: 21.00 MB
Current GC threshold: 98.25 MB
CDS: off
MetaspaceReclaimPolicy: balanced
 - commit_granule_bytes: 65536.
 - commit_granule_words: 8192.
 - virtual_space_node_default_size: 8388608.
 - enlarge_chunks_in_place: 1.
 - new_chunks_are_fully_committed: 0.
 - uncommit_free_chunks: 1.
 - use_allocation_guard: 0.
 - handle_deallocations: 1.


Internal statistics:

num_allocs_failed_limit: 3.
num_arena_births: 706.
num_arena_deaths: 0.
num_vsnodes_births: 2.
num_vsnodes_deaths: 0.
num_space_committed: 1034.
num_space_uncommitted: 0.
num_chunks_returned_to_freelist: 3.
num_chunks_taken_from_freelist: 3038.
num_chunk_merges: 0.
num_chunk_splits: 1967.
num_chunks_enlarged: 1309.
num_inconsistent_stats: 0.

CodeHeap 'non-profiled nmethods': size=120064Kb used=3710Kb max_used=3710Kb free=116353Kb
 bounds [0x0000016c58350000, 0x0000016c586f0000, 0x0000016c5f890000]
CodeHeap 'profiled nmethods': size=120000Kb used=13135Kb max_used=13135Kb free=106864Kb
 bounds [0x0000016c50890000, 0x0000016c51570000, 0x0000016c57dc0000]
CodeHeap 'non-nmethods': size=5696Kb used=2328Kb max_used=2366Kb free=3367Kb
 bounds [0x0000016c57dc0000, 0x0000016c58030000, 0x0000016c58350000]
 total_blobs=7586 nmethods=6734 adapters=764
 compilation: enabled
              stopped_count=0, restarted_count=0
 full_count=0

Compilation events (20 events):
Event: 136.053 Thread 0x0000016c66746ce0 nmethod 7474 0x0000016c586e8390 code [0x0000016c586e8520, 0x0000016c586e85f8]
Event: 136.084 Thread 0x0000016c666fc130 7475       4       org.objectweb.asm.SymbolTable::addConstantUtf8 (98 bytes)
Event: 136.164 Thread 0x0000016c666fc130 nmethod 7475 0x0000016c586e8690 code [0x0000016c586e88a0, 0x0000016c586e9a40]
Event: 136.172 Thread 0x0000016c66746ce0 7476       1       it.unimi.dsi.fastutil.objects.ReferenceArrayList::size (5 bytes)
Event: 136.172 Thread 0x0000016c66746ce0 nmethod 7476 0x0000016c586ea490 code [0x0000016c586ea620, 0x0000016c586ea6f8]
Event: 136.213 Thread 0x0000016c666fc130 7477       4       org.objectweb.asm.SymbolTable::addConstantClass (8 bytes)
Event: 136.214 Thread 0x0000016c666fc130 nmethod 7477 0x0000016c586ea790 code [0x0000016c586ea920, 0x0000016c586ea9c8]
Event: 136.215 Thread 0x0000016c66746ce0 7478       3       java.lang.invoke.MethodHandles$Lookup::lookupModes (8 bytes)
Event: 136.216 Thread 0x0000016c66746ce0 nmethod 7478 0x0000016c51563090 code [0x0000016c51563220, 0x0000016c51563338]
Event: 136.219 Thread 0x0000016c666fc130 7479       4       org.objectweb.asm.Frame::accept (264 bytes)
Event: 136.255 Thread 0x0000016c666fc130 nmethod 7479 0x0000016c586eaa90 code [0x0000016c586eac60, 0x0000016c586eb968]
Event: 136.866 Thread 0x0000016c666fc130 7480       4       org.objectweb.asm.MethodWriter::visitLabel (328 bytes)
Event: 136.898 Thread 0x0000016c666fc130 nmethod 7480 0x0000016c586ec090 code [0x0000016c586ec240, 0x0000016c586ece78]
Event: 136.907 Thread 0x0000016c66746ce0 7481       3       org.objectweb.asm.Frame::addInitializedType (77 bytes)
Event: 136.907 Thread 0x0000016c66746ce0 nmethod 7481 0x0000016c51563410 code [0x0000016c515635e0, 0x0000016c51563b08]
Event: 137.103 Thread 0x0000016c666fc130 7482   !   4       java.util.concurrent.ConcurrentHashMap::putVal (432 bytes)
Event: 137.161 Thread 0x0000016c666fc130 nmethod 7482 0x0000016c586ed290 code [0x0000016c586ed4a0, 0x0000016c586eea10]
Event: 137.499 Thread 0x0000016c666fc130 7483       4       com.google.common.collect.MapMakerInternalMap$1::clear (1 bytes)
Event: 137.499 Thread 0x0000016c666fc130 nmethod 7483 0x0000016c586ef710 code [0x0000016c586ef880, 0x0000016c586ef8f8]
Event: 137.641 Thread 0x0000016c666fc130 7484   !   4       java.net.URL::<init> (543 bytes)

GC Heap History (20 events):
Event: 92.424 GC heap before
{Heap before GC invocations=32 (full 0):
 garbage-first heap   total 107520K, used 72349K [0x0000000080000000, 0x0000000100000000)
  region size 1024K, 12 young (12288K), 2 survivors (2048K)
 Metaspace       used 52565K, committed 53056K, reserved 1114112K
  class space    used 6993K, committed 7232K, reserved 1048576K
}
Event: 92.435 GC heap after
{Heap after GC invocations=33 (full 0):
 garbage-first heap   total 107520K, used 62975K [0x0000000080000000, 0x0000000100000000)
  region size 1024K, 1 young (1024K), 1 survivors (1024K)
 Metaspace       used 52565K, committed 53056K, reserved 1114112K
  class space    used 6993K, committed 7232K, reserved 1048576K
}
Event: 101.976 GC heap before
{Heap before GC invocations=33 (full 0):
 garbage-first heap   total 107520K, used 86527K [0x0000000080000000, 0x0000000100000000)
  region size 1024K, 25 young (25600K), 1 survivors (1024K)
 Metaspace       used 55387K, committed 55872K, reserved 1114112K
  class space    used 7442K, committed 7616K, reserved 1048576K
}
Event: 101.989 GC heap after
{Heap after GC invocations=34 (full 0):
 garbage-first heap   total 107520K, used 64803K [0x0000000080000000, 0x0000000100000000)
  region size 1024K, 3 young (3072K), 3 survivors (3072K)
 Metaspace       used 55387K, committed 55872K, reserved 1114112K
  class space    used 7442K, committed 7616K, reserved 1048576K
}
Event: 110.388 GC heap before
{Heap before GC invocations=35 (full 0):
 garbage-first heap   total 111616K, used 88355K [0x0000000080000000, 0x0000000100000000)
  region size 1024K, 26 young (26624K), 3 survivors (3072K)
 Metaspace       used 57546K, committed 58176K, reserved 1114112K
  class space    used 7830K, committed 8128K, reserved 1048576K
}
Event: 110.407 GC heap after
{Heap after GC invocations=36 (full 0):
 garbage-first heap   total 111616K, used 66047K [0x0000000080000000, 0x0000000100000000)
  region size 1024K, 4 young (4096K), 4 survivors (4096K)
 Metaspace       used 57546K, committed 58176K, reserved 1114112K
  class space    used 7830K, committed 8128K, reserved 1048576K
}
Event: 110.608 GC heap before
{Heap before GC invocations=36 (full 0):
 garbage-first heap   total 111616K, used 67071K [0x0000000080000000, 0x0000000100000000)
  region size 1024K, 5 young (5120K), 4 survivors (4096K)
 Metaspace       used 57575K, committed 58176K, reserved 1114112K
  class space    used 7834K, committed 8128K, reserved 1048576K
}
Event: 110.635 GC heap after
{Heap after GC invocations=37 (full 0):
 garbage-first heap   total 111616K, used 65899K [0x0000000080000000, 0x0000000100000000)
  region size 1024K, 1 young (1024K), 1 survivors (1024K)
 Metaspace       used 57575K, committed 58176K, reserved 1114112K
  class space    used 7834K, committed 8128K, reserved 1048576K
}
Event: 115.448 GC heap before
{Heap before GC invocations=37 (full 0):
 garbage-first heap   total 111616K, used 92523K [0x0000000080000000, 0x0000000100000000)
  region size 1024K, 27 young (27648K), 1 survivors (1024K)
 Metaspace       used 59726K, committed 60288K, reserved 1114112K
  class space    used 8116K, committed 8384K, reserved 1048576K
}
Event: 115.466 GC heap after
{Heap after GC invocations=38 (full 0):
 garbage-first heap   total 111616K, used 68582K [0x0000000080000000, 0x0000000100000000)
  region size 1024K, 4 young (4096K), 4 survivors (4096K)
 Metaspace       used 59726K, committed 60288K, reserved 1114112K
  class space    used 8116K, committed 8384K, reserved 1048576K
}
Event: 122.085 GC heap before
{Heap before GC invocations=39 (full 0):
 garbage-first heap   total 117760K, used 90086K [0x0000000080000000, 0x0000000100000000)
  region size 1024K, 26 young (26624K), 4 survivors (4096K)
 Metaspace       used 60270K, committed 60864K, reserved 1114112K
  class space    used 8136K, committed 8384K, reserved 1048576K
}
Event: 122.112 GC heap after
{Heap after GC invocations=40 (full 0):
 garbage-first heap   total 117760K, used 70937K [0x0000000080000000, 0x0000000100000000)
  region size 1024K, 3 young (3072K), 3 survivors (3072K)
 Metaspace       used 60270K, committed 60864K, reserved 1114112K
  class space    used 8136K, committed 8384K, reserved 1048576K
}
Event: 122.219 GC heap before
{Heap before GC invocations=40 (full 0):
 garbage-first heap   total 117760K, used 72985K [0x0000000080000000, 0x0000000100000000)
  region size 1024K, 5 young (5120K), 3 survivors (3072K)
 Metaspace       used 60299K, committed 60864K, reserved 1114112K
  class space    used 8136K, committed 8384K, reserved 1048576K
}
Event: 122.257 GC heap after
{Heap after GC invocations=41 (full 0):
 garbage-first heap   total 117760K, used 71010K [0x0000000080000000, 0x0000000100000000)
  region size 1024K, 1 young (1024K), 1 survivors (1024K)
 Metaspace       used 60299K, committed 60864K, reserved 1114112K
  class space    used 8136K, committed 8384K, reserved 1048576K
}
Event: 129.896 GC heap before
{Heap before GC invocations=41 (full 0):
 garbage-first heap   total 117760K, used 101730K [0x0000000080000000, 0x0000000100000000)
  region size 1024K, 26 young (26624K), 1 survivors (1024K)
 Metaspace       used 61507K, committed 62144K, reserved 1114112K
  class space    used 8306K, committed 8576K, reserved 1048576K
}
Event: 129.923 GC heap after
{Heap after GC invocations=42 (full 0):
 garbage-first heap   total 117760K, used 81427K [0x0000000080000000, 0x0000000100000000)
  region size 1024K, 4 young (4096K), 4 survivors (4096K)
 Metaspace       used 61507K, committed 62144K, reserved 1114112K
  class space    used 8306K, committed 8576K, reserved 1048576K
}
Event: 132.856 GC heap before
{Heap before GC invocations=42 (full 0):
 garbage-first heap   total 117760K, used 97811K [0x0000000080000000, 0x0000000100000000)
  region size 1024K, 20 young (20480K), 4 survivors (4096K)
 Metaspace       used 62698K, committed 63360K, reserved 1114112K
  class space    used 8461K, committed 8768K, reserved 1048576K
}
Event: 132.870 GC heap after
{Heap after GC invocations=43 (full 0):
 garbage-first heap   total 117760K, used 83644K [0x0000000080000000, 0x0000000100000000)
  region size 1024K, 1 young (1024K), 1 survivors (1024K)
 Metaspace       used 62698K, committed 63360K, reserved 1114112K
  class space    used 8461K, committed 8768K, reserved 1048576K
}
Event: 135.529 GC heap before
{Heap before GC invocations=43 (full 0):
 garbage-first heap   total 117760K, used 97980K [0x0000000080000000, 0x0000000100000000)
  region size 1024K, 16 young (16384K), 1 survivors (1024K)
 Metaspace       used 63984K, committed 64640K, reserved 1114112K
  class space    used 8632K, committed 8896K, reserved 1048576K
}
Event: 135.535 GC heap after
{Heap after GC invocations=44 (full 0):
 garbage-first heap   total 117760K, used 84325K [0x0000000080000000, 0x0000000100000000)
  region size 1024K, 2 young (2048K), 2 survivors (2048K)
 Metaspace       used 63984K, committed 64640K, reserved 1114112K
  class space    used 8632K, committed 8896K, reserved 1048576K
}

Dll operation events (3 events):
Event: 0.034 Loaded shared library C:\Program Files\Android\Android Studio\jbr\bin\java.dll
Event: 1.185 Loaded shared library C:\Program Files\Android\Android Studio\jbr\bin\zip.dll
Event: 5.923 Loaded shared library C:\Program Files\Android\Android Studio\jbr\bin\verify.dll

Deoptimization events (20 events):
Event: 127.909 Thread 0x0000016c6b8cb560 DEOPT PACKING pc=0x0000016c58612db0 sp=0x0000001fcd0f63c0
Event: 127.909 Thread 0x0000016c6b8cb560 DEOPT UNPACKING pc=0x0000016c57e1699d sp=0x0000001fcd0f62d8 mode 2
Event: 127.909 Thread 0x0000016c6b8cb560 Uncommon trap: trap_request=0xffffffde fr.pc=0x0000016c58612db0 relative=0x00000000000007b0
Event: 127.909 Thread 0x0000016c6b8cb560 Uncommon trap: reason=class_check action=maybe_recompile pc=0x0000016c58612db0 method=java.io.BufferedInputStream.read1([BII)I @ 39 c2
Event: 127.909 Thread 0x0000016c6b8cb560 DEOPT PACKING pc=0x0000016c58612db0 sp=0x0000001fcd0f63c0
Event: 127.909 Thread 0x0000016c6b8cb560 DEOPT UNPACKING pc=0x0000016c57e1699d sp=0x0000001fcd0f62d8 mode 2
Event: 127.909 Thread 0x0000016c6b8cb560 Uncommon trap: trap_request=0xffffffde fr.pc=0x0000016c58612db0 relative=0x00000000000007b0
Event: 127.909 Thread 0x0000016c6b8cb560 Uncommon trap: reason=class_check action=maybe_recompile pc=0x0000016c58612db0 method=java.io.BufferedInputStream.read1([BII)I @ 39 c2
Event: 127.909 Thread 0x0000016c6b8cb560 DEOPT PACKING pc=0x0000016c58612db0 sp=0x0000001fcd0f63c0
Event: 127.909 Thread 0x0000016c6b8cb560 DEOPT UNPACKING pc=0x0000016c57e1699d sp=0x0000001fcd0f62d8 mode 2
Event: 129.432 Thread 0x0000016c6b8cb560 DEOPT PACKING pc=0x0000016c50ea9202 sp=0x0000001fcd0f72c0
Event: 129.432 Thread 0x0000016c6b8cb560 DEOPT UNPACKING pc=0x0000016c57e17124 sp=0x0000001fcd0f67a0 mode 0
Event: 135.454 Thread 0x0000016c6b8cb560 Uncommon trap: trap_request=0xffffffde fr.pc=0x0000016c58612db0 relative=0x00000000000007b0
Event: 135.454 Thread 0x0000016c6b8cb560 Uncommon trap: reason=class_check action=maybe_recompile pc=0x0000016c58612db0 method=java.io.BufferedInputStream.read1([BII)I @ 39 c2
Event: 135.454 Thread 0x0000016c6b8cb560 DEOPT PACKING pc=0x0000016c58612db0 sp=0x0000001fcd0f6bb0
Event: 135.454 Thread 0x0000016c6b8cb560 DEOPT UNPACKING pc=0x0000016c57e1699d sp=0x0000001fcd0f6ac8 mode 2
Event: 135.454 Thread 0x0000016c6b8cb560 Uncommon trap: trap_request=0xffffffde fr.pc=0x0000016c584c86d4 relative=0x0000000000000194
Event: 135.454 Thread 0x0000016c6b8cb560 Uncommon trap: reason=class_check action=maybe_recompile pc=0x0000016c584c86d4 method=java.io.BufferedInputStream.read1([BII)I @ 39 c2
Event: 135.454 Thread 0x0000016c6b8cb560 DEOPT PACKING pc=0x0000016c584c86d4 sp=0x0000001fcd0f6b10
Event: 135.454 Thread 0x0000016c6b8cb560 DEOPT UNPACKING pc=0x0000016c57e1699d sp=0x0000001fcd0f6ab8 mode 2

Classes unloaded (0 events):
No events

Classes redefined (0 events):
No events

Internal exceptions (20 events):
Event: 112.457 Thread 0x0000016c6b8cb560 Exception <a 'java/lang/NoSuchMethodError'{0x00000000860d3c58}: 'java.lang.Object java.lang.invoke.DirectMethodHandle$Holder.invokeSpecial(java.lang.Object, java.lang.Object, java.lang.Object, java.lang.Object, java.lang.Object, java.lang.Object, int)'> (0x00000000860d3c58) 
thrown [s\src\hotspot\share\interpreter\linkResolver.cpp, line 771]
Event: 112.458 Thread 0x0000016c6b8cb560 Exception <a 'java/lang/NoSuchMethodError'{0x00000000860d8a38}: 'java.lang.Object java.lang.invoke.Invokers$Holder.linkToTargetMethod(java.lang.Object, java.lang.Object, java.lang.Object, java.lang.Object, int, java.lang.Object)'> (0x00000000860d8a38) 
thrown [s\src\hotspot\share\interpreter\linkResolver.cpp, line 771]
Event: 112.471 Thread 0x0000016c6b8cb560 Exception <a 'java/lang/NoSuchMethodError'{0x0000000085f0b5f8}: 'java.lang.Object java.lang.invoke.DirectMethodHandle$Holder.invokeSpecial(java.lang.Object, java.lang.Object, java.lang.Object, java.lang.Object, java.lang.Object, long)'> (0x0000000085f0b5f8) 
thrown [s\src\hotspot\share\interpreter\linkResolver.cpp, line 771]
Event: 112.476 Thread 0x0000016c6b8cb560 Exception <a 'java/lang/NoSuchMethodError'{0x0000000085f2daf8}: 'void java.lang.invoke.DirectMethodHandle$Holder.invokeStatic(java.lang.Object, java.lang.Object, java.lang.Object, int, java.lang.Object)'> (0x0000000085f2daf8) 
thrown [s\src\hotspot\share\interpreter\linkResolver.cpp, line 771]
Event: 112.707 Thread 0x0000016c6b8cb560 Exception <a 'java/lang/NoSuchMethodError'{0x0000000085e97088}: 'java.lang.Object java.lang.invoke.DelegatingMethodHandle$Holder.reinvoke_L(java.lang.Object, java.lang.Object, java.lang.Object, java.lang.Object, java.lang.Object, java.lang.Object, java.lang.Object, java.lang.Object, java.lang.Object, java.lang.Object, java.lang.Object, java.lang.Object, java.lang.Object, java.lang.Object, java.lang.Object, java.lang.Object, java.lang.Object, java.lang.Object, java.lang.Object, java.lang.Object, java.lang.O
Event: 112.710 Thread 0x0000016c6b8cb560 Exception <a 'java/lang/NoSuchMethodError'{0x0000000085ea3550}: 'java.lang.Object java.lang.invoke.DirectMethodHandle$Holder.invokeSpecial(java.lang.Object, java.lang.Object, java.lang.Object, java.lang.Object, java.lang.Object, java.lang.Object, java.lang.Object, java.lang.Object, java.lang.Object, java.lang.Object, java.lang.Object, java.lang.Object, java.lang.Object, java.lang.Object, java.lang.Object, java.lang.Object, java.lang.Object, java.lang.Object, java.lang.Object, java.lang.Object, java.lang.Ob
Event: 112.711 Thread 0x0000016c6b8cb560 Exception <a 'java/lang/NoSuchMethodError'{0x0000000085ea99d0}: 'java.lang.Object java.lang.invoke.Invokers$Holder.invoker(java.lang.Object, java.lang.Object, java.lang.Object, java.lang.Object, java.lang.Object, java.lang.Object, java.lang.Object, java.lang.Object, java.lang.Object, java.lang.Object, java.lang.Object, java.lang.Object, java.lang.Object, java.lang.Object, java.lang.Object, java.lang.Object, java.lang.Object, java.lang.Object, java.lang.Object, java.lang.Object, java.lang.Object, java.lang.
Event: 112.712 Thread 0x0000016c6b8cb560 Exception <a 'java/lang/NoSuchMethodError'{0x0000000085eb1020}: 'java.lang.Object java.lang.invoke.DelegatingMethodHandle$Holder.delegate(java.lang.Object, java.lang.Object, java.lang.Object, java.lang.Object, java.lang.Object, java.lang.Object, java.lang.Object, java.lang.Object, java.lang.Object, java.lang.Object, java.lang.Object, java.lang.Object, java.lang.Object, java.lang.Object, java.lang.Object, java.lang.Object, java.lang.Object, java.lang.Object, java.lang.Object, java.lang.Object, java.lang.Obj
Event: 112.735 Thread 0x0000016c6b8cb560 Exception <a 'java/lang/NoSuchMethodError'{0x0000000085d3f390}: 'java.lang.Object java.lang.invoke.DirectMethodHandle$Holder.invokeStatic(java.lang.Object, java.lang.Object, java.lang.Object, java.lang.Object, java.lang.Object, java.lang.Object, java.lang.Object, java.lang.Object, java.lang.Object, java.lang.Object, java.lang.Object, java.lang.Object, java.lang.Object, java.lang.Object, java.lang.Object, java.lang.Object, java.lang.Object)'> (0x0000000085d3f390) 
thrown [s\src\hotspot\share\interpreter\lin
Event: 112.747 Thread 0x0000016c6b8cb560 Exception <a 'java/lang/NoSuchMethodError'{0x0000000085d69278}: 'java.lang.Object java.lang.invoke.DirectMethodHandle$Holder.invokeStatic(java.lang.Object, java.lang.Object, java.lang.Object, java.lang.Object, java.lang.Object, java.lang.Object, java.lang.Object, java.lang.Object, java.lang.Object, java.lang.Object, java.lang.Object, java.lang.Object, java.lang.Object, java.lang.Object, java.lang.Object, java.lang.Object, java.lang.Object, java.lang.Object)'> (0x0000000085d69278) 
thrown [s\src\hotspot\sha
Event: 113.202 Thread 0x0000016c6b8cb560 Exception <a 'java/lang/NoSuchMethodError'{0x0000000085d944f0}: 'java.lang.Object java.lang.invoke.DirectMethodHandle$Holder.invokeStatic(java.lang.Object, java.lang.Object, java.lang.Object, java.lang.Object, java.lang.Object, java.lang.Object, java.lang.Object, java.lang.Object, java.lang.Object, java.lang.Object, java.lang.Object, java.lang.Object, java.lang.Object, java.lang.Object, java.lang.Object, java.lang.Object, java.lang.Object, java.lang.Object, java.lang.Object)'> (0x0000000085d944f0) 
thrown 
Event: 113.211 Thread 0x0000016c6b8cb560 Exception <a 'java/lang/NoSuchMethodError'{0x0000000085dc0808}: 'java.lang.Object java.lang.invoke.DirectMethodHandle$Holder.invokeStatic(java.lang.Object, java.lang.Object, java.lang.Object, java.lang.Object, java.lang.Object, java.lang.Object, java.lang.Object, java.lang.Object, java.lang.Object, java.lang.Object, java.lang.Object, java.lang.Object, java.lang.Object, java.lang.Object, java.lang.Object, java.lang.Object, java.lang.Object, java.lang.Object, java.lang.Object, java.lang.Object)'> (0x00000000
Event: 113.220 Thread 0x0000016c6b8cb560 Exception <a 'java/lang/NoSuchMethodError'{0x0000000085ded898}: 'java.lang.Object java.lang.invoke.DirectMethodHandle$Holder.invokeStatic(java.lang.Object, java.lang.Object, java.lang.Object, java.lang.Object, java.lang.Object, java.lang.Object, java.lang.Object, java.lang.Object, java.lang.Object, java.lang.Object, java.lang.Object, java.lang.Object, java.lang.Object, java.lang.Object, java.lang.Object, java.lang.Object, java.lang.Object, java.lang.Object, java.lang.Object, java.lang.Object, java.lang.Obj
Event: 113.232 Thread 0x0000016c6b8cb560 Exception <a 'java/lang/NoSuchMethodError'{0x0000000085c1bc18}: 'java.lang.Object java.lang.invoke.DirectMethodHandle$Holder.invokeStatic(java.lang.Object, java.lang.Object, java.lang.Object, java.lang.Object, java.lang.Object, java.lang.Object, java.lang.Object, java.lang.Object, java.lang.Object, java.lang.Object, java.lang.Object, java.lang.Object, java.lang.Object, java.lang.Object, java.lang.Object, java.lang.Object, java.lang.Object, java.lang.Object, java.lang.Object, java.lang.Object, java.lang.Obj
Event: 113.246 Thread 0x0000016c6b8cb560 Exception <a 'java/lang/NoSuchMethodError'{0x0000000085c4a4d8}: 'java.lang.Object java.lang.invoke.DirectMethodHandle$Holder.invokeStatic(java.lang.Object, java.lang.Object, java.lang.Object, java.lang.Object, java.lang.Object, java.lang.Object, java.lang.Object, java.lang.Object, java.lang.Object, java.lang.Object, java.lang.Object, java.lang.Object, java.lang.Object, java.lang.Object, java.lang.Object, java.lang.Object, java.lang.Object, java.lang.Object, java.lang.Object, java.lang.Object, java.lang.Obj
Event: 113.252 Thread 0x0000016c6b8cb560 Exception <a 'java/lang/NoSuchMethodError'{0x0000000085c7a260}: 'java.lang.Object java.lang.invoke.DirectMethodHandle$Holder.invokeStatic(java.lang.Object, java.lang.Object, java.lang.Object, java.lang.Object, java.lang.Object, java.lang.Object, java.lang.Object, java.lang.Object, java.lang.Object, java.lang.Object, java.lang.Object, java.lang.Object, java.lang.Object, java.lang.Object, java.lang.Object, java.lang.Object, java.lang.Object, java.lang.Object, java.lang.Object, java.lang.Object, java.lang.Obj
Event: 113.315 Thread 0x0000016c6b8cb560 Exception <a 'java/lang/NoSuchMethodError'{0x0000000085cabaf8}: 'java.lang.Object java.lang.invoke.DirectMethodHandle$Holder.invokeStatic(java.lang.Object, java.lang.Object, java.lang.Object, java.lang.Object, java.lang.Object, java.lang.Object, java.lang.Object, java.lang.Object, java.lang.Object, java.lang.Object, java.lang.Object, java.lang.Object, java.lang.Object, java.lang.Object, java.lang.Object, java.lang.Object, java.lang.Object, java.lang.Object, java.lang.Object, java.lang.Object, java.lang.Obj
Event: 113.323 Thread 0x0000016c6b8cb560 Exception <a 'java/lang/NoSuchMethodError'{0x0000000085cdea60}: 'java.lang.Object java.lang.invoke.DirectMethodHandle$Holder.invokeStatic(java.lang.Object, java.lang.Object, java.lang.Object, java.lang.Object, java.lang.Object, java.lang.Object, java.lang.Object, java.lang.Object, java.lang.Object, java.lang.Object, java.lang.Object, java.lang.Object, java.lang.Object, java.lang.Object, java.lang.Object, java.lang.Object, java.lang.Object, java.lang.Object, java.lang.Object, java.lang.Object, java.lang.Obj
Event: 124.477 Thread 0x0000016c6b8cb560 Exception <a 'java/lang/ClassNotFoundException'{0x0000000086e64078}: build_5cjjgocvue3c2753j7j0rpr6fBeanInfo> (0x0000000086e64078) 
thrown [s\src\hotspot\share\classfile\systemDictionary.cpp, line 256]
Event: 124.478 Thread 0x0000016c6b8cb560 Exception <a 'java/lang/ClassNotFoundException'{0x0000000086e6ac00}: build_5cjjgocvue3c2753j7j0rpr6fCustomizer> (0x0000000086e6ac00) 
thrown [s\src\hotspot\share\classfile\systemDictionary.cpp, line 256]

VM Operations (20 events):
Event: 127.308 Executing VM operation: Cleanup
Event: 127.368 Executing VM operation: Cleanup done
Event: 128.372 Executing VM operation: Cleanup
Event: 128.372 Executing VM operation: Cleanup done
Event: 129.896 Executing VM operation: G1CollectForAllocation
Event: 129.924 Executing VM operation: G1CollectForAllocation done
Event: 130.925 Executing VM operation: Cleanup
Event: 130.965 Executing VM operation: Cleanup done
Event: 131.968 Executing VM operation: Cleanup
Event: 132.048 Executing VM operation: Cleanup done
Event: 132.856 Executing VM operation: G1CollectForAllocation
Event: 132.870 Executing VM operation: G1CollectForAllocation done
Event: 133.891 Executing VM operation: Cleanup
Event: 134.332 Executing VM operation: Cleanup done
Event: 135.336 Executing VM operation: Cleanup
Event: 135.383 Executing VM operation: Cleanup done
Event: 135.529 Executing VM operation: G1CollectForAllocation
Event: 135.535 Executing VM operation: G1CollectForAllocation done
Event: 136.548 Executing VM operation: Cleanup
Event: 136.733 Executing VM operation: Cleanup done

Events (20 events):
Event: 114.839 loading class java/util/Collections$ReverseComparator
Event: 114.842 loading class java/util/Collections$ReverseComparator done
Event: 114.842 loading class java/util/Collections$ReverseComparator2
Event: 114.843 loading class java/util/Collections$ReverseComparator2 done
Event: 116.039 Thread 0x0000016c6c620250 Thread added: 0x0000016c6c620250
Event: 125.264 Thread 0x0000016c6c622ad0 Thread added: 0x0000016c6c622ad0
Event: 131.885 loading class java/util/regex/Pattern$1
Event: 131.887 loading class java/util/regex/Pattern$1 done
Event: 134.933 loading class java/util/concurrent/atomic/AtomicIntegerArray
Event: 134.957 loading class java/util/concurrent/atomic/AtomicIntegerArray done
Event: 134.967 loading class java/util/Currency
Event: 134.970 loading class java/util/Currency done
Event: 135.203 loading class java/util/concurrent/atomic/AtomicLongArray
Event: 135.204 loading class java/util/concurrent/atomic/AtomicLongArray done
Event: 135.429 loading class java/util/concurrent/atomic/AtomicReferenceFieldUpdater
Event: 135.430 loading class java/util/concurrent/atomic/AtomicReferenceFieldUpdater done
Event: 135.430 loading class java/util/concurrent/atomic/AtomicReferenceFieldUpdater$AtomicReferenceFieldUpdaterImpl
Event: 135.451 loading class java/util/concurrent/atomic/AtomicReferenceFieldUpdater$AtomicReferenceFieldUpdaterImpl done
Event: 135.452 loading class java/util/concurrent/atomic/AtomicReferenceFieldUpdater$AtomicReferenceFieldUpdaterImpl$1
Event: 135.452 loading class java/util/concurrent/atomic/AtomicReferenceFieldUpdater$AtomicReferenceFieldUpdaterImpl$1 done


Dynamic libraries:
0x00007ff7c5870000 - 0x00007ff7c587a000 	C:\Program Files\Android\Android Studio\jbr\bin\java.exe
0x00007fff4bc70000 - 0x00007fff4be68000 	C:\Windows\SYSTEM32\ntdll.dll
0x00007fff4b510000 - 0x00007fff4b5cd000 	C:\Windows\System32\KERNEL32.DLL
0x00007fff49840000 - 0x00007fff49b36000 	C:\Windows\System32\KERNELBASE.dll
0x00007fff496a0000 - 0x00007fff497a0000 	C:\Windows\System32\ucrtbase.dll
0x00007fff27680000 - 0x00007fff27697000 	C:\Program Files\Android\Android Studio\jbr\bin\jli.dll
0x00007fff4b5d0000 - 0x00007fff4b76f000 	C:\Windows\System32\USER32.dll
0x00007fff49810000 - 0x00007fff49832000 	C:\Windows\System32\win32u.dll
0x00007fff4bad0000 - 0x00007fff4bafb000 	C:\Windows\System32\GDI32.dll
0x00007fff49370000 - 0x00007fff49487000 	C:\Windows\System32\gdi32full.dll
0x00007fff49c00000 - 0x00007fff49c9d000 	C:\Windows\System32\msvcp_win.dll
0x00007fff42cb0000 - 0x00007fff42ccb000 	C:\Program Files\Android\Android Studio\jbr\bin\VCRUNTIME140.dll
0x00007fff2fbb0000 - 0x00007fff2fe4a000 	C:\Windows\WinSxS\amd64_microsoft.windows.common-controls_6595b64144ccf1df_6.0.19041.4355_none_60b8b9eb71f62e16\COMCTL32.dll
0x00007fff49e10000 - 0x00007fff49eae000 	C:\Windows\System32\msvcrt.dll
0x00007fff4ad00000 - 0x00007fff4ad32000 	C:\Windows\System32\IMM32.DLL
0x00007fff42fb0000 - 0x00007fff42fbc000 	C:\Program Files\Android\Android Studio\jbr\bin\vcruntime140_1.dll
0x00007fff1f990000 - 0x00007fff1fa1d000 	C:\Program Files\Android\Android Studio\jbr\bin\msvcp140.dll
0x00007ffed9520000 - 0x00007ffeda1a3000 	C:\Program Files\Android\Android Studio\jbr\bin\server\jvm.dll
0x00007fff49f40000 - 0x00007fff49ff0000 	C:\Windows\System32\ADVAPI32.dll
0x00007fff49ca0000 - 0x00007fff49d40000 	C:\Windows\System32\sechost.dll
0x00007fff4ae30000 - 0x00007fff4af53000 	C:\Windows\System32\RPCRT4.dll
0x00007fff49bd0000 - 0x00007fff49bf7000 	C:\Windows\System32\bcrypt.dll
0x00007fff49170000 - 0x00007fff491bb000 	C:\Windows\SYSTEM32\POWRPROF.dll
0x00007fff45ee0000 - 0x00007fff45ee9000 	C:\Windows\SYSTEM32\WSOCK32.dll
0x00007fff4afd0000 - 0x00007fff4b03b000 	C:\Windows\System32\WS2_32.dll
0x00007fff2caf0000 - 0x00007fff2cb17000 	C:\Windows\SYSTEM32\WINMM.dll
0x00007fff420a0000 - 0x00007fff420aa000 	C:\Windows\SYSTEM32\VERSION.dll
0x00007fff49150000 - 0x00007fff49162000 	C:\Windows\SYSTEM32\UMPDC.dll
0x00007fff47b80000 - 0x00007fff47b92000 	C:\Windows\SYSTEM32\kernel.appcore.dll
0x00007fff43510000 - 0x00007fff4351a000 	C:\Program Files\Android\Android Studio\jbr\bin\jimage.dll
0x00007fff47850000 - 0x00007fff47a34000 	C:\Windows\SYSTEM32\DBGHELP.DLL
0x00007fff2db40000 - 0x00007fff2db74000 	C:\Windows\SYSTEM32\dbgcore.DLL
0x00007fff49b40000 - 0x00007fff49bc2000 	C:\Windows\System32\bcryptPrimitives.dll
0x00007fff30000000 - 0x00007fff3000e000 	C:\Program Files\Android\Android Studio\jbr\bin\instrument.dll
0x00007fff30070000 - 0x00007fff30095000 	C:\Program Files\Android\Android Studio\jbr\bin\java.dll
0x00007fff434f0000 - 0x00007fff43508000 	C:\Program Files\Android\Android Studio\jbr\bin\zip.dll
0x00007fff4a590000 - 0x00007fff4acfb000 	C:\Windows\System32\SHELL32.dll
0x00007fff46fe0000 - 0x00007fff4777d000 	C:\Windows\SYSTEM32\windows.storage.dll
0x00007fff4b770000 - 0x00007fff4bac3000 	C:\Windows\System32\combase.dll
0x00007fff48c70000 - 0x00007fff48c9e000 	C:\Windows\SYSTEM32\Wldp.dll
0x00007fff49d40000 - 0x00007fff49e0d000 	C:\Windows\System32\OLEAUT32.dll
0x00007fff4b460000 - 0x00007fff4b50d000 	C:\Windows\System32\SHCORE.dll
0x00007fff4af60000 - 0x00007fff4afb5000 	C:\Windows\System32\shlwapi.dll
0x00007fff49250000 - 0x00007fff49274000 	C:\Windows\SYSTEM32\profapi.dll
0x00007fff3fd10000 - 0x00007fff3fd29000 	C:\Program Files\Android\Android Studio\jbr\bin\net.dll
0x00007fff3f480000 - 0x00007fff3f58a000 	C:\Windows\SYSTEM32\WINHTTP.dll
0x00007fff489d0000 - 0x00007fff48a3a000 	C:\Windows\system32\mswsock.dll
0x00007fff30050000 - 0x00007fff30066000 	C:\Program Files\Android\Android Studio\jbr\bin\nio.dll
0x00007fff30030000 - 0x00007fff30040000 	C:\Program Files\Android\Android Studio\jbr\bin\verify.dll
0x00007fff2e9d0000 - 0x00007fff2e9f7000 	C:\Users\BUL\.gradle\native\c067742578af261105cb4f569cf0c3c89f3d7b1fecec35dd04571415982c5e48\windows-amd64\native-platform.dll
0x00007ffee4a80000 - 0x00007ffee4bc4000 	C:\Users\BUL\.gradle\native\38dada09dfb8b06ba9b0570ebf7e218e3eb74d4ef43ca46872605cf95ebc2f47\windows-amd64\native-platform-file-events.dll
0x00007fff30020000 - 0x00007fff30029000 	C:\Program Files\Android\Android Studio\jbr\bin\management.dll
0x00007fff30010000 - 0x00007fff3001b000 	C:\Program Files\Android\Android Studio\jbr\bin\management_ext.dll
0x00007fff49f30000 - 0x00007fff49f38000 	C:\Windows\System32\PSAPI.DLL
0x00007fff48bc0000 - 0x00007fff48bd8000 	C:\Windows\SYSTEM32\CRYPTSP.dll
0x00007fff482f0000 - 0x00007fff48324000 	C:\Windows\system32\rsaenh.dll
0x00007fff49200000 - 0x00007fff4922e000 	C:\Windows\SYSTEM32\USERENV.dll
0x00007fff48be0000 - 0x00007fff48bec000 	C:\Windows\SYSTEM32\CRYPTBASE.dll
0x00007fff486b0000 - 0x00007fff486eb000 	C:\Windows\SYSTEM32\IPHLPAPI.DLL
0x00007fff4a580000 - 0x00007fff4a588000 	C:\Windows\System32\NSI.dll
0x00007fff3fc30000 - 0x00007fff3fc47000 	C:\Windows\SYSTEM32\dhcpcsvc6.DLL
0x00007fff409c0000 - 0x00007fff409dd000 	C:\Windows\SYSTEM32\dhcpcsvc.DLL
0x00007fff486f0000 - 0x00007fff487bb000 	C:\Windows\SYSTEM32\DNSAPI.dll
0x00007fff30040000 - 0x00007fff30049000 	C:\Program Files\Android\Android Studio\jbr\bin\extnet.dll
0x00007ffeeab10000 - 0x00007ffeeab17000 	C:\Windows\system32\wshunix.dll

dbghelp: loaded successfully - version: 4.0.5 - missing functions: none
symbol engine: initialized successfully - sym options: 0x614 - pdb path: .;C:\Program Files\Android\Android Studio\jbr\bin;C:\Windows\SYSTEM32;C:\Windows\WinSxS\amd64_microsoft.windows.common-controls_6595b64144ccf1df_6.0.19041.4355_none_60b8b9eb71f62e16;C:\Program Files\Android\Android Studio\jbr\bin\server;C:\Users\BUL\.gradle\native\c067742578af261105cb4f569cf0c3c89f3d7b1fecec35dd04571415982c5e48\windows-amd64;C:\Users\BUL\.gradle\native\38dada09dfb8b06ba9b0570ebf7e218e3eb74d4ef43ca46872605cf95ebc2f47\windows-amd64

VM Arguments:
jvm_args: --add-opens=java.base/java.util=ALL-UNNAMED --add-opens=java.base/java.lang=ALL-UNNAMED --add-opens=java.base/java.lang.invoke=ALL-UNNAMED --add-opens=java.prefs/java.util.prefs=ALL-UNNAMED --add-opens=java.base/java.nio.charset=ALL-UNNAMED --add-opens=java.base/java.net=ALL-UNNAMED --add-opens=java.base/java.util.concurrent.atomic=ALL-UNNAMED -Xmx2048m -Dfile.encoding=UTF-8 -Duser.country=US -Duser.language=en -Duser.variant -javaagent:C:\Users\BUL\.gradle\wrapper\dists\gradle-8.6-bin\afr5mpiioh2wthjmwnkmdsd5w\gradle-8.6\lib\agents\gradle-instrumentation-agent-8.6.jar 
java_command: org.gradle.launcher.daemon.bootstrap.GradleDaemon 8.6
java_class_path (initial): C:\Users\BUL\.gradle\wrapper\dists\gradle-8.6-bin\afr5mpiioh2wthjmwnkmdsd5w\gradle-8.6\lib\gradle-launcher-8.6.jar
Launcher Type: SUN_STANDARD

[Global flags]
     intx CICompilerCount                          = 2                                         {product} {ergonomic}
     uint ConcGCThreads                            = 1                                         {product} {ergonomic}
     uint G1ConcRefinementThreads                  = 2                                         {product} {ergonomic}
   size_t G1HeapRegionSize                         = 1048576                                   {product} {ergonomic}
    uintx GCDrainStackTargetSize                   = 64                                        {product} {ergonomic}
   size_t InitialHeapSize                          = 65011712                                  {product} {ergonomic}
   size_t MarkStackSize                            = 4194304                                   {product} {ergonomic}
   size_t MaxHeapSize                              = 2147483648                                {product} {command line}
   size_t MaxNewSize                               = 1287651328                                {product} {ergonomic}
   size_t MinHeapDeltaBytes                        = 1048576                                   {product} {ergonomic}
   size_t MinHeapSize                              = 8388608                                   {product} {ergonomic}
    uintx NonNMethodCodeHeapSize                   = 5826188                                {pd product} {ergonomic}
    uintx NonProfiledCodeHeapSize                  = 122916026                              {pd product} {ergonomic}
    uintx ProfiledCodeHeapSize                     = 122916026                              {pd product} {ergonomic}
    uintx ReservedCodeCacheSize                    = 251658240                              {pd product} {ergonomic}
     bool SegmentedCodeCache                       = true                                      {product} {ergonomic}
   size_t SoftMaxHeapSize                          = 2147483648                             {manageable} {ergonomic}
     bool UseCompressedClassPointers               = true                           {product lp64_product} {ergonomic}
     bool UseCompressedOops                        = true                           {product lp64_product} {ergonomic}
     bool UseG1GC                                  = true                                      {product} {ergonomic}
     bool UseLargePagesIndividualAllocation        = false                                  {pd product} {ergonomic}

Logging:
Log output configuration:
 #0: stdout all=warning uptime,level,tags
 #1: stderr all=off uptime,level,tags

Environment Variables:
PATH=C:\Windows\system32;C:\Windows;C:\Windows\System32\Wbem;C:\Windows\System32\WindowsPowerShell\v1.0\;C:\Windows\System32\OpenSSH\;C:\Users\BUL\AppData\Local\Programs\Python\Python312;D:\Program Files\nodejs\;D:\Program Files\Git\cmd;C:\Program Files\MySQL\MySQL Shell 8.0\bin\;C:\Users\BUL\AppData\Local\Programs\Python\Launcher\;C:\Users\BUL\AppData\Local\Microsoft\WindowsApps;C:\Users\BUL\AppData\Roaming\npm;D:\Program Files\Microsoft VS Code\bin;
USERNAME=BUL
OS=Windows_NT
PROCESSOR_IDENTIFIER=Intel64 Family 6 Model 122 Stepping 8, GenuineIntel
TMP=C:\Users\BUL\AppData\Local\Temp
TEMP=C:\Users\BUL\AppData\Local\Temp



Periodic native trim disabled

JNI global refs:
JNI global refs: 24, weak refs: 0

JNI global refs memory usage: 843, weak refs: 841

OOME stack traces (most recent first):
Classloader memory used:
Loader org.gradle.internal.classloader.VisitableURLClassLoader                         : 3710K
Loader bootstrap                                                                       : 2506K
Loader org.gradle.initialization.MixInLegacyTypesClassLoader                           : 1102K
Loader org.gradle.internal.classloader.VisitableURLClassLoader$InstrumentingVisitableURLClassLoader: 626K
Loader org.gradle.internal.classloader.VisitableURLClassLoader                         : 82864B
Loader jdk.internal.loader.ClassLoaders$PlatformClassLoader                            : 67535B
Loader jdk.internal.reflect.DelegatingClassLoader                                      : 37369B
Loader jdk.internal.loader.ClassLoaders$AppClassLoader                                 : 28733B
Loader org.gradle.groovy.scripts.internal.DefaultScriptCompilationHandler$ScriptClassLoader: 22107B
Loader org.codehaus.groovy.runtime.callsite.CallSiteClassLoader                        : 7162B


[error occurred during error reporting (Classloader stats), id 0xe0000001, Out of Memory Error (s\src\hotspot\share\memory\arena.cpp:79)]


---------------  S Y S T E M  ---------------

OS:
 Windows 10 , 64 bit Build 19041 (10.0.19041.3636)
OS uptime: 0 days 2:52 hours

CPU: total 2 (initial active 2) (2 cores per cpu, 1 threads per core) family 6 model 122 stepping 8 microcode 0x22, cx8, cmov, fxsr, mmx, 3dnowpref, sse, sse2, sse3, ssse3, sse4.1, sse4.2, popcnt, tsc, tscinvbit, aes, erms, clmul, sha, clflush, clflushopt
Processor Information for all 2 processors :
  Max Mhz: 1101, Current Mhz: 1101, Mhz Limit: 1101

Memory: 4k page, system-wide physical 3911M (208M free)
TotalPageFile size 11294M (AvailPageFile size 4M)
current process WorkingSet (physical memory assigned to process): 167M, peak: 211M
current process commit charge ("private bytes"): 307M, peak: 311M

vm_info: OpenJDK 64-Bit Server VM (17.0.10+0--11572160) for windows-amd64 JRE (17.0.10+0--11572160), built on Mar 13 2024 23:56:38 by "androidbuild" with MS VC++ 16.10 / 16.11 (VS2019)

END.
